<?xml version="1.0" encoding="UTF-8"?>
<!-- Generated by org.testng.reporters.JUnitReportReporter -->
<testsuite hostname="DESKTOP-N09EU9L" failures="0" tests="1" name="testArtifactID.TestNG" time="0.030" errors="0" timestamp="24 Jun 2021 06:41:58 GMT" skipped="0">
  <testcase classname="testArtifactID.TestNG" name="testAdd" time="0.030"/>
</testsuite> <!-- testArtifactID.TestNG -->
