<?xml version="1.0" encoding="UTF-8"?>
<!-- Generated by org.testng.reporters.JUnitReportReporter -->
<testsuite hostname="DESKTOP-N09EU9L" failures="0" tests="1" name="ezyBillV1.STBCreation001" time="57.541" errors="0" timestamp="07 Jul 2021 06:21:13 GMT" skipped="0">
  <testcase classname="ezyBillV1.STBCreation001" name="testUntitledTestCase" time="57.541"/>
</testsuite> <!-- ezyBillV1.STBCreation001 -->
