<?xml version="1.0" encoding="UTF-8"?>
<!-- Generated by org.testng.reporters.JUnitReportReporter -->
<testsuite hostname="DESKTOP-N09EU9L" failures="0" tests="2" name="testPackageEB.STBCreationDD1" time="90.592" errors="0" timestamp="12 Jul 2021 12:28:47 GMT" skipped="0">
  <testcase classname="testPackageEB.STBCreationDD1" name="testCreateSTB" time="55.723"/>
  <testcase classname="testPackageEB.STBCreationDD1" name="testCreateSTB" time="34.869"/>
</testsuite> <!-- testPackageEB.STBCreationDD1 -->
