<?xml version="1.0" encoding="UTF-8"?>
<!-- Generated by org.testng.reporters.JUnitReportReporter -->
<testsuite hostname="DESKTOP-N09EU9L" failures="0" tests="2" name="testPackageEB.QUERYPARAMETERRequest" time="3.842" errors="0" timestamp="10 Jul 2021 12:42:37 GMT" skipped="0">
  <testcase classname="testPackageEB.QUERYPARAMETERRequest" name="GetWeatherDetails" time="2.997"/>
  <testcase classname="testPackageEB.QUERYPARAMETERRequest" name="queryParameter" time="0.845"/>
</testsuite> <!-- testPackageEB.QUERYPARAMETERRequest -->
