<?xml version="1.0" encoding="UTF-8"?>
<!-- Generated by org.testng.reporters.JUnitReportReporter -->
<testsuite hostname="DESKTOP-N09EU9L" failures="0" tests="1" name="ezyBill_Selfcare.EditCustomer" time="25.571" errors="0" timestamp="08 Jul 2021 10:14:20 GMT" skipped="0">
  <testcase classname="ezyBill_Selfcare.EditCustomer" name="testCustomerEdit" time="25.571"/>
</testsuite> <!-- ezyBill_Selfcare.EditCustomer -->
