<?xml version="1.0" encoding="UTF-8"?>
<!-- Generated by org.testng.reporters.JUnitReportReporter -->
<testsuite hostname="DESKTOP-N09EU9L" failures="0" tests="1" name="ezyBillV1.UserCreation" time="63.551" errors="0" timestamp="02 Jul 2021 09:07:57 GMT" skipped="0">
  <testcase classname="ezyBillV1.UserCreation" name="testUserCreation" time="63.551"/>
</testsuite> <!-- ezyBillV1.UserCreation -->
