<?xml version="1.0" encoding="UTF-8"?>
<!-- Generated by org.testng.reporters.JUnitReportReporter -->
<testsuite hostname="DESKTOP-N09EU9L" failures="0" tests="2" name="ezyBillV1.STBCreationDD1" time="42.414" errors="0" timestamp="30 Jun 2021 10:39:58 GMT" skipped="0">
  <testcase classname="ezyBillV1.STBCreationDD1" name="testCreateSTB" time="25.794"/>
  <testcase classname="ezyBillV1.STBCreationDD1" name="testCreateSTB" time="16.620"/>
</testsuite> <!-- ezyBillV1.STBCreationDD1 -->
